k:\game programming ii\socketing\debug\socketing.ilk
k:\game programming ii\socketing\debug\socketing.exe
k:\game programming ii\socketing\debug\socketing.pdb
k:\game programming ii\socketing\socketing\debug\socketing.pch
k:\game programming ii\socketing\socketing\debug\vc120.pdb
k:\game programming ii\socketing\socketing\debug\vc120.idb
k:\game programming ii\socketing\socketing\debug\stdafx.obj
k:\game programming ii\socketing\socketing\debug\component.obj
k:\game programming ii\socketing\socketing\debug\damage.obj
k:\game programming ii\socketing\socketing\debug\description.obj
k:\game programming ii\socketing\socketing\debug\entity.obj
k:\game programming ii\socketing\socketing\debug\socketing.obj
k:\game programming ii\socketing\socketing\debug\sideeffect.obj
k:\game programming ii\socketing\socketing\debug\weapontype.obj
k:\game programming ii\socketing\socketing\debug\socketing.tlog\cl.command.1.tlog
k:\game programming ii\socketing\socketing\debug\socketing.tlog\link.command.1.tlog
k:\game programming ii\socketing\socketing\debug\socketing.tlog\cl.read.1.tlog
k:\game programming ii\socketing\socketing\debug\socketing.tlog\link.read.1.tlog
k:\game programming ii\socketing\socketing\debug\socketing.tlog\link.write.1.tlog
k:\game programming ii\socketing\socketing\debug\socketing.tlog\cl.write.1.tlog
